[2025-01-21 15:44:18] INFO: Starting crawl for generali
[2025-01-21 15:44:18] INFO: Initializing browsers and checking login status...
[2025-01-21 15:45:20] SUCCESS: Login successful
[2025-01-21 15:45:20] INFO: Getting post URLs...
[2025-01-21 15:45:53] SUCCESS: Found 18 posts to process
[2025-01-22 07:48:31] INFO: Starting crawl for generali
[2025-01-22 07:48:31] INFO: Initializing browsers and checking login status...
[2025-01-22 08:19:06] INFO: Starting crawl for generali
[2025-01-22 08:19:06] INFO: Initializing browsers and checking login status...
[2025-01-22 08:20:11] SUCCESS: Login successful
[2025-01-22 08:20:11] INFO: Getting post URLs...
[2025-01-22 08:20:11] ERROR: Failed to process generali: module 'configuration.config' has no attribute 'get_post_links'
[2025-01-22 08:22:45] INFO: Starting crawl for generali
[2025-01-22 08:22:45] INFO: Initializing browsers and checking login status...
[2025-01-22 08:23:50] SUCCESS: Login successful
[2025-01-22 08:23:50] INFO: Getting post URLs...
[2025-01-22 08:23:50] ERROR: Failed to process generali: module 'configuration.config' has no attribute 'get_post_links'
[2025-01-22 12:33:27] INFO: Starting crawl for generali
[2025-01-22 12:33:27] INFO: Initializing browsers and checking login status...
[2025-01-22 12:34:26] SUCCESS: Login successful
[2025-01-22 12:34:26] INFO: Getting post URLs...
